This is pdfTeX, Version 3.14159265-2.6-1.40.15 (MiKTeX 2.9 64-bit) (preloaded format=pdftex 2015.8.10)  1 SEP 2015 12:25
entering extended mode
**E:/Documents/Masterarbeit/Master/Latexfiles/highaspectratio_Mohr_Grund.bib
(E:/Documents/Masterarbeit/Master/Latexfiles/highaspectratio_Mohr_Grund.bib
Overfull \hbox (139.69087pt too wide) in paragraph at lines 1--13
\tenrm vol-ume = "1466", num-ber = "1", eid = , pages = "41-50", url = "http://
scitation.aip.org/content/aip/proceeding/aipcp/10.1063/1.4742267",|

\hbox(7.5+2.5)x469.75499, glue set - 1.0
.\tenrm v
.\kern-0.27779
.\tenrm o
.\tenrm l
.\discretionary
..\tenrm -
.etc.

)
*
! Emergency stop.
<*> ...r/Latexfiles/highaspectratio_Mohr_Grund.bib
                                                  
End of file on the terminal!

!  ==> Fatal error occurred, no output PDF file produced!
