\BOOKMARK [0][-]{chapter.1}{Introduction}{}% 1
\BOOKMARK [0][-]{chapter.2}{Theory}{}% 2
\BOOKMARK [1][-]{section.2.1}{Interaction of X-rays with matter}{chapter.2}% 3
\BOOKMARK [2][-]{subsection.2.1.1}{Complex refraction-index}{section.2.1}% 4
\BOOKMARK [2][-]{subsection.2.1.2}{Attenuation}{section.2.1}% 5
\BOOKMARK [2][-]{subsection.2.1.3}{Refraction}{section.2.1}% 6
\BOOKMARK [1][-]{section.2.2}{Phase contrast imaging}{chapter.2}% 7
\BOOKMARK [2][-]{subsection.2.2.1}{Wave-Front propagation}{section.2.2}% 8
\BOOKMARK [2][-]{subsection.2.2.2}{Talbot effect}{section.2.2}% 9
\BOOKMARK [2][-]{subsection.2.2.3}{Grating interferometer}{section.2.2}% 10
\BOOKMARK [2][-]{subsection.2.2.4}{Grating Types}{section.2.2}% 11
\BOOKMARK [2][-]{subsection.2.2.5}{Coherence requirements}{section.2.2}% 12
\BOOKMARK [2][-]{subsection.2.2.6}{Visibility and Phase stepping routine}{section.2.2}% 13
\BOOKMARK [2][-]{subsection.2.2.7}{Magnification in curved wave geometry}{section.2.2}% 14
\BOOKMARK [2][-]{subsection.2.2.8}{Induced uncertainty by an expanded edge thickness at different magnifications}{section.2.2}% 15
\BOOKMARK [1][-]{section.2.3}{Spatial system response}{chapter.2}% 16
\BOOKMARK [2][-]{subsection.2.3.1}{Real- and frequency-space response functions}{section.2.3}% 17
\BOOKMARK [2][-]{subsection.2.3.2}{Edge- and Line- spread function \(ESF/LSF\)}{section.2.3}% 18
\BOOKMARK [2][-]{subsection.2.3.3}{PSF of a complex system}{section.2.3}% 19
\BOOKMARK [0][-]{chapter.3}{The Setup}{}% 20
\BOOKMARK [1][-]{section.3.1}{The source}{chapter.3}% 21
\BOOKMARK [2][-]{subsection.3.1.1}{Dimensions and structure}{section.3.1}% 22
\BOOKMARK [2][-]{subsection.3.1.2}{properties}{section.3.1}% 23
\BOOKMARK [1][-]{section.3.2}{Sample handling}{chapter.3}% 24
\BOOKMARK [1][-]{section.3.3}{detector properties}{chapter.3}% 25
\BOOKMARK [0][-]{chapter.4}{Time- Power-Stability}{}% 26
\BOOKMARK [1][-]{section.4.1}{Time-stability}{chapter.4}% 27
\BOOKMARK [1][-]{section.4.2}{Power-stability}{chapter.4}% 28
\BOOKMARK [0][-]{chapter.5}{SSR characterization}{}% 29
\BOOKMARK [1][-]{section.5.1}{Knife edge measurements}{chapter.5}% 30
\BOOKMARK [2][-]{subsection.5.1.1}{Data acquisition}{section.5.1}% 31
\BOOKMARK [2][-]{subsection.5.1.2}{Data processing}{section.5.1}% 32
\BOOKMARK [2][-]{subsection.5.1.3}{Results}{section.5.1}% 33
\BOOKMARK [1][-]{section.5.2}{Measurements using a Resolution-target}{chapter.5}% 34
\BOOKMARK [2][-]{subsection.5.2.1}{Data acquisition}{section.5.2}% 35
\BOOKMARK [2][-]{subsection.5.2.2}{Data processing}{section.5.2}% 36
\BOOKMARK [0][-]{chapter.6}{Spectra measurements}{}% 37
\BOOKMARK [0][-]{chapter.7}{Comparison of different grating interferometer constellations}{}% 38
\BOOKMARK [0][-]{chapter.8}{summary and outlook}{}% 39
\BOOKMARK [0][-]{section*.34}{List of Figures}{}% 40
\BOOKMARK [0][-]{section*.35}{List of Tables}{}% 41
\BOOKMARK [0][-]{section*.36}{Acronyms}{}% 42
\BOOKMARK [0][-]{chapter*.38}{Bibliography}{}% 43
