This is pdfTeX, Version 3.14159265-2.6-1.40.16 (MiKTeX 2.9 64-bit) (preloaded format=pdftex 2015.11.9)  9 NOV 2015 12:51
entering extended mode
**E:/Documents/Masterarbeit/Master/Latexfiles/Masterliterature.bib
(E:/Documents/Masterarbeit/Master/Latexfiles/Masterliterature.bib
Missing character: There is no Ì in font cmr10!
Missing character: There is no ˆ in font cmr10!
Missing character: There is no â in font cmr10!
Missing character: There is no € in font cmr10!
Missing character: There is no ¢ in font cmr10!
Missing character: There is no â in font cmr10!
Missing character: There is no € in font cmr10!
Missing character: There is no ¢ in font cmr10!
Missing character: There is no â in font cmr10!
Missing character: There is no € in font cmr10!
Missing character: There is no ¢ in font cmr10!
Missing character: There is no â in font cmr10!
Missing character: There is no € in font cmr10!
Missing character: There is no ¢ in font cmr10!
Missing character: There is no â in font cmr10!
Missing character: There is no € in font cmr10!
Missing character: There is no ¢ in font cmr10!
Missing character: There is no Â in font cmr10!
Missing character: There is no ® in font cmr10!
Missing character: There is no Í in font cmr10!
Missing character: There is no ‘ in font cmr10!
Missing character: There is no Í in font cmr10!
Missing character: There is no ’ in font cmr10!
Missing character: There is no Í in font cmr10!
Missing character: There is no ‘ in font cmr10!
Missing character: There is no Í in font cmr10!
Missing character: There is no ’ in font cmr10!
Missing character: There is no Í in font cmr10!
Missing character: There is no ‘ in font cmr10!
Missing character: There is no Í in font cmr10!
Missing character: There is no ’ in font cmr10!
Missing character: There is no Í in font cmr10!
Missing character: There is no ‘ in font cmr10!
Missing character: There is no Í in font cmr10!
Missing character: There is no ’ in font cmr10!
Missing character: There is no Í in font cmr10!
Missing character: There is no ‘ in font cmr10!
Missing character: There is no Í in font cmr10!
Missing character: There is no ’ in font cmr10!
Missing character: There is no Ã in font cmr10!
Missing character: There is no — in font cmr10!
Missing character: There is no â in font cmr10!
Missing character: There is no € in font cmr10!
Missing character: There is no ‚ in font cmr10!
Missing character: There is no â in font cmr10!
Missing character: There is no € in font cmr10!
Missing character: There is no ™ in font cmr10!
Missing character: There is no Â in font cmr10!
Missing character: There is no µ in font cmr10!
Missing character: There is no Â in font cmr10!
Missing character: There is no µ in font cmr10!
)
*
! Emergency stop.
<*> ...beit/Master/Latexfiles/Masterliterature.bib
                                                  
End of file on the terminal!

!  ==> Fatal error occurred, no output PDF file produced!
